f:\逆向从入门到改行\已经讲完的部分\第十一课\hook\inlinehook\inlinehook\x64\release\inlinehook.pch
f:\逆向从入门到改行\已经讲完的部分\第十一课\hook\inlinehook\inlinehook\x64\release\inlinehook.pdb
f:\逆向从入门到改行\已经讲完的部分\第十一课\hook\inlinehook\inlinehook\x64\release\stdafx.obj
f:\逆向从入门到改行\已经讲完的部分\第十一课\hook\inlinehook\inlinehook\x64\release\x86inst.obj
f:\逆向从入门到改行\已经讲完的部分\第十一课\hook\inlinehook\inlinehook\x64\release\x86compilerfunc.obj
f:\逆向从入门到改行\已经讲完的部分\第十一课\hook\inlinehook\inlinehook\x64\release\x86compilercontext.obj
f:\逆向从入门到改行\已经讲完的部分\第十一课\hook\inlinehook\inlinehook\x64\release\x86compiler.obj
f:\逆向从入门到改行\已经讲完的部分\第十一课\hook\inlinehook\inlinehook\x64\release\x86assembler.obj
f:\逆向从入门到改行\已经讲完的部分\第十一课\hook\inlinehook\inlinehook\x64\release\zone.obj
f:\逆向从入门到改行\已经讲完的部分\第十一课\hook\inlinehook\inlinehook\x64\release\vmem.obj
f:\逆向从入门到改行\已经讲完的部分\第十一课\hook\inlinehook\inlinehook\x64\release\utils.obj
f:\逆向从入门到改行\已经讲完的部分\第十一课\hook\inlinehook\inlinehook\x64\release\runtime.obj
f:\逆向从入门到改行\已经讲完的部分\第十一课\hook\inlinehook\inlinehook\x64\release\podvector.obj
f:\逆向从入门到改行\已经讲完的部分\第十一课\hook\inlinehook\inlinehook\x64\release\operand.obj
f:\逆向从入门到改行\已经讲完的部分\第十一课\hook\inlinehook\inlinehook\x64\release\logger.obj
f:\逆向从入门到改行\已经讲完的部分\第十一课\hook\inlinehook\inlinehook\x64\release\hlstream.obj
f:\逆向从入门到改行\已经讲完的部分\第十一课\hook\inlinehook\inlinehook\x64\release\globals.obj
f:\逆向从入门到改行\已经讲完的部分\第十一课\hook\inlinehook\inlinehook\x64\release\cpuinfo.obj
f:\逆向从入门到改行\已经讲完的部分\第十一课\hook\inlinehook\inlinehook\x64\release\containers.obj
f:\逆向从入门到改行\已经讲完的部分\第十一课\hook\inlinehook\inlinehook\x64\release\constpool.obj
f:\逆向从入门到改行\已经讲完的部分\第十一课\hook\inlinehook\inlinehook\x64\release\compilercontext.obj
f:\逆向从入门到改行\已经讲完的部分\第十一课\hook\inlinehook\inlinehook\x64\release\compiler.obj
f:\逆向从入门到改行\已经讲完的部分\第十一课\hook\inlinehook\inlinehook\x64\release\assembler.obj
f:\逆向从入门到改行\已经讲完的部分\第十一课\hook\inlinehook\inlinehook\x64\release\hookengine.obj
f:\逆向从入门到改行\已经讲完的部分\第十一课\hook\inlinehook\inlinehook\x64\release\distorm3.obj
f:\逆向从入门到改行\已经讲完的部分\第十一课\hook\inlinehook\inlinehook\x64\release\x86operand_regs.obj
f:\逆向从入门到改行\已经讲完的部分\第十一课\hook\inlinehook\inlinehook\x64\release\x86operand.obj
c:\users\risk\downloads\2016基础学习资料\第十一课\hook\inlinehook\inlinehook\x64\release\inlinehook.pch
c:\users\risk\downloads\2016基础学习资料\第十一课\hook\inlinehook\inlinehook\x64\release\inlinehook.pdb
c:\users\risk\downloads\2016基础学习资料\第十一课\hook\inlinehook\inlinehook\x64\release\stdafx.obj
c:\users\risk\downloads\2016基础学习资料\第十一课\hook\inlinehook\inlinehook\x64\release\x86inst.obj
c:\users\risk\downloads\2016基础学习资料\第十一课\hook\inlinehook\inlinehook\x64\release\x86compilerfunc.obj
c:\users\risk\downloads\2016基础学习资料\第十一课\hook\inlinehook\inlinehook\x64\release\x86compilercontext.obj
c:\users\risk\downloads\2016基础学习资料\第十一课\hook\inlinehook\inlinehook\x64\release\x86compiler.obj
c:\users\risk\downloads\2016基础学习资料\第十一课\hook\inlinehook\inlinehook\x64\release\x86assembler.obj
c:\users\risk\downloads\2016基础学习资料\第十一课\hook\inlinehook\inlinehook\x64\release\zone.obj
c:\users\risk\downloads\2016基础学习资料\第十一课\hook\inlinehook\inlinehook\x64\release\vmem.obj
c:\users\risk\downloads\2016基础学习资料\第十一课\hook\inlinehook\inlinehook\x64\release\utils.obj
c:\users\risk\downloads\2016基础学习资料\第十一课\hook\inlinehook\inlinehook\x64\release\runtime.obj
c:\users\risk\downloads\2016基础学习资料\第十一课\hook\inlinehook\inlinehook\x64\release\podvector.obj
c:\users\risk\downloads\2016基础学习资料\第十一课\hook\inlinehook\inlinehook\x64\release\operand.obj
c:\users\risk\downloads\2016基础学习资料\第十一课\hook\inlinehook\inlinehook\x64\release\logger.obj
c:\users\risk\downloads\2016基础学习资料\第十一课\hook\inlinehook\inlinehook\x64\release\hlstream.obj
c:\users\risk\downloads\2016基础学习资料\第十一课\hook\inlinehook\inlinehook\x64\release\globals.obj
c:\users\risk\downloads\2016基础学习资料\第十一课\hook\inlinehook\inlinehook\x64\release\cpuinfo.obj
c:\users\risk\downloads\2016基础学习资料\第十一课\hook\inlinehook\inlinehook\x64\release\containers.obj
c:\users\risk\downloads\2016基础学习资料\第十一课\hook\inlinehook\inlinehook\x64\release\constpool.obj
c:\users\risk\downloads\2016基础学习资料\第十一课\hook\inlinehook\inlinehook\x64\release\compilercontext.obj
c:\users\risk\downloads\2016基础学习资料\第十一课\hook\inlinehook\inlinehook\x64\release\compiler.obj
c:\users\risk\downloads\2016基础学习资料\第十一课\hook\inlinehook\inlinehook\x64\release\assembler.obj
c:\users\risk\downloads\2016基础学习资料\第十一课\hook\inlinehook\inlinehook\x64\release\hookengine.obj
c:\users\risk\downloads\2016基础学习资料\第十一课\hook\inlinehook\inlinehook\x64\release\distorm3.obj
c:\users\risk\downloads\2016基础学习资料\第十一课\hook\inlinehook\inlinehook\x64\release\x86operand_regs.obj
c:\users\risk\downloads\2016基础学习资料\第十一课\hook\inlinehook\inlinehook\x64\release\x86operand.obj
f:\逆向从入门到改行\已经讲完的部分\第十一课\hook\inlinehook\lib\inlinehook.lib
c:\users\risk\downloads\2016基础学习资料\第十一课\hook\inlinehook\lib\inlinehook.lib
c:\users\risk\downloads\2016基础学习资料\第十一课\hook\inlinehook\inlinehook\x64\release\inlinehook.tlog\cl.command.1.tlog
c:\users\risk\downloads\2016基础学习资料\第十一课\hook\inlinehook\inlinehook\x64\release\inlinehook.tlog\cl.read.1.tlog
c:\users\risk\downloads\2016基础学习资料\第十一课\hook\inlinehook\inlinehook\x64\release\inlinehook.tlog\cl.write.1.tlog
c:\users\risk\downloads\2016基础学习资料\第十一课\hook\inlinehook\inlinehook\x64\release\inlinehook.tlog\lib-link.read.1.tlog
c:\users\risk\downloads\2016基础学习资料\第十一课\hook\inlinehook\inlinehook\x64\release\inlinehook.tlog\lib-link.write.1.tlog
c:\users\risk\downloads\2016基础学习资料\第十一课\hook\inlinehook\inlinehook\x64\release\inlinehook.tlog\lib.command.1.tlog
